<?xml version="1.0" encoding="UTF-8"?>
<testng-results ignored="0" total="1" passed="1" failed="0" skipped="0">
  <reporter-output>
  </reporter-output>
  <suite started-at="2024-04-17T23:07:47 IST" name="Default suite" finished-at="2024-04-17T23:07:55 IST" duration-ms="8269">
    <groups>
    </groups>
    <test started-at="2024-04-17T23:07:47 IST" name="Default test" finished-at="2024-04-17T23:07:55 IST" duration-ms="8269">
      <class name="MarsAirTestScript.Search">
        <test-method is-config="true" signature="setup()[pri:0, instance:MarsAirTestScript.Search@6392827e]" started-at="2024-04-17T23:07:47 IST" name="setup" finished-at="2024-04-17T23:07:55 IST" duration-ms="8025" status="PASS">
          <reporter-output>
          </reporter-output>
        </test-method> <!-- setup -->
        <test-method signature="ToValidateSearchLabelValue()[pri:0, instance:MarsAirTestScript.Search@6392827e]" started-at="2024-04-17T23:07:55 IST" name="ToValidateSearchLabelValue" finished-at="2024-04-17T23:07:55 IST" duration-ms="179" status="PASS">
          <reporter-output>
          </reporter-output>
        </test-method> <!-- ToValidateSearchLabelValue -->
        <test-method is-config="true" signature="tearDown()[pri:0, instance:MarsAirTestScript.Search@6392827e]" started-at="2024-04-17T23:07:55 IST" name="tearDown" finished-at="2024-04-17T23:07:55 IST" duration-ms="0" status="PASS">
          <reporter-output>
          </reporter-output>
        </test-method> <!-- tearDown -->
      </class> <!-- MarsAirTestScript.Search -->
    </test> <!-- Default test -->
  </suite> <!-- Default suite -->
</testng-results>
